new user was created id: f5jsby8apkbozsf5
New Room ID: IUJyaLenZV was created, and User ID: f5jsby8apkbozsf5 was add there
NOT NULL: IUJyaLenZV
f5jsby8apkbozsf5 was spliced from Room, and deleted
new user was created id: 964y5zjhobbu6l4l
New Room ID: d1eSTGOKKi was created, and User ID: 964y5zjhobbu6l4l was add there
module.js:471
    throw err;
    ^

Error: Cannot find module '/var/www/polyzer.org/public_html/vk_games/vk_vis_rooms_multi/src/server/server.js'
    at Function.Module._resolveFilename (module.js:469:15)
    at Function.Module._load (module.js:417:25)
    at Module.runMain (module.js:604:10)
    at run (bootstrap_node.js:394:7)
    at startup (bootstrap_node.js:149:9)
    at bootstrap_node.js:509:3
new user was created id: mcnykz00v8dgt64m
New Room ID: e1gsxI32iW was created, and User ID: mcnykz00v8dgt64m was add there
new user was created id: efja4y2qzb23y157
new user was created id: fjo6k5mqm5e0ifie
NOT NULL: e1gsxI32iW
mcnykz00v8dgt64m was spliced from Room, and deleted
efja4y2qzb23y157 was spliced from AllUsers.
fjo6k5mqm5e0ifie was spliced from AllUsers.
new user was created id: wl1y24ag1nmoc665
New Room ID: ltk5GSfALB was created, and User ID: wl1y24ag1nmoc665 was add there
new user was created id: lqlg74uljt6uzw37
NOT NULL: ltk5GSfALB
wl1y24ag1nmoc665 was spliced from Room, and deleted
new user was created id: 6739xeubhb7swuay
NOT NULL: ltk5GSfALB
6739xeubhb7swuay was spliced from Room, and deleted
new user was created id: lysa4d1c3poyzz93
NOT NULL: ltk5GSfALB
lqlg74uljt6uzw37 was spliced from Room, and deleted
NOT NULL: ltk5GSfALB
lysa4d1c3poyzz93 was spliced from Room, and deleted
new user was created id: y95k87hh0dhc8xcd
New Room ID: N5LqWtOU3y was created, and User ID: y95k87hh0dhc8xcd was add there
NOT NULL: N5LqWtOU3y
y95k87hh0dhc8xcd was spliced from Room, and deleted
new user was created id: 24ytttgpo12f88d1
24ytttgpo12f88d1 was spliced from AllUsers.
new user was created id: iag9ac3i1wf3kn9g
iag9ac3i1wf3kn9g was spliced from AllUsers.
new user was created id: 7801wholkozk4x2q
New Room ID: ZPLbcuTpRi was created, and User ID: 7801wholkozk4x2q was add there
NOT NULL: ZPLbcuTpRi
7801wholkozk4x2q was spliced from Room, and deleted
new user was created id: 1y2wq75yiznanhmb
new user was created id: 71dsyzs7bwk17s9h
New Room ID: YMqoJPvF6h was created, and User ID: 1y2wq75yiznanhmb was add there
NOT NULL: YMqoJPvF6h
1y2wq75yiznanhmb was spliced from Room, and deleted
NOT NULL: YMqoJPvF6h
71dsyzs7bwk17s9h was spliced from Room, and deleted
new user was created id: 1ao6rbdequxf2m99
New Room ID: GkLx6vLyJz was created, and User ID: 1ao6rbdequxf2m99 was add there
new user was created id: x9oetvnumgzsebvq
NOT NULL: GkLx6vLyJz
x9oetvnumgzsebvq was spliced from Room, and deleted
NOT NULL: GkLx6vLyJz
1ao6rbdequxf2m99 was spliced from Room, and deleted
new user was created id: ec8yj59o6n0gn9p6
ec8yj59o6n0gn9p6 was spliced from AllUsers.
new user was created id: 1ufldbbg6nvolavs
1ufldbbg6nvolavs was spliced from AllUsers.
new user was created id: wh4mldd3pf2stu4d
New Room ID: SNoEQngOkR was created, and User ID: wh4mldd3pf2stu4d was add there
new user was created id: ch0cihfh8zys0sm2
NOT NULL: SNoEQngOkR
wh4mldd3pf2stu4d was spliced from Room, and deleted
NOT NULL: SNoEQngOkR
ch0cihfh8zys0sm2 was spliced from Room, and deleted
new user was created id: z7k827t0vs4ojj4j
New Room ID: QVIPoHf1ER was created, and User ID: z7k827t0vs4ojj4j was add there
new user was created id: i7a9j9hqpfc48e22
NOT NULL: QVIPoHf1ER
i7a9j9hqpfc48e22 was spliced from Room, and deleted
new user was created id: fbmkooteb5fpk4vy
fbmkooteb5fpk4vy was spliced from AllUsers.
new user was created id: 7ojl6vkxt5njim0n
7ojl6vkxt5njim0n was spliced from AllUsers.
new user was created id: ye76ch51ok4pbm0s
ye76ch51ok4pbm0s was spliced from AllUsers.
new user was created id: p6e3w01xjr1k962e
NOT NULL: QVIPoHf1ER
p6e3w01xjr1k962e was spliced from Room, and deleted
new user was created id: rv6cz4tiibh4ej8i
NOT NULL: QVIPoHf1ER
rv6cz4tiibh4ej8i was spliced from Room, and deleted
new user was created id: oa27ja2jf5x06sd1
NOT NULL: QVIPoHf1ER
oa27ja2jf5x06sd1 was spliced from Room, and deleted
new user was created id: zt2m9pa6de6hxf0q
zt2m9pa6de6hxf0q was spliced from AllUsers.
new user was created id: qjklvbqy0d77588d
NOT NULL: QVIPoHf1ER
qjklvbqy0d77588d was spliced from Room, and deleted
new user was created id: tjof7xjemzis6v7s
NOT NULL: QVIPoHf1ER
tjof7xjemzis6v7s was spliced from Room, and deleted
NOT NULL: QVIPoHf1ER
z7k827t0vs4ojj4j was spliced from Room, and deleted
new user was created id: idjdemomkcpy3ufa
New Room ID: Nah91iVcRq was created, and User ID: idjdemomkcpy3ufa was add there
NOT NULL: Nah91iVcRq
idjdemomkcpy3ufa was spliced from Room, and deleted
new user was created id: klyn0da879ozqhfb
New Room ID: Y0J7wTsVrI was created, and User ID: klyn0da879ozqhfb was add there
NOT NULL: Y0J7wTsVrI
klyn0da879ozqhfb was spliced from Room, and deleted
new user was created id: f8sx032vf7r0kl8l
New Room ID: IFla3cBbtH was created, and User ID: f8sx032vf7r0kl8l was add there
NOT NULL: IFla3cBbtH
f8sx032vf7r0kl8l was spliced from Room, and deleted
new user was created id: xcolyklh4bnyv5gn
New Room ID: 5l8EHxz5gZ was created, and User ID: xcolyklh4bnyv5gn was add there
NOT NULL: 5l8EHxz5gZ
xcolyklh4bnyv5gn was spliced from Room, but not deleted
New Room ID: UYGaRf6Yvo was created, and User ID: xcolyklh4bnyv5gn was add there
New Room ID: 8sd3rH6CaF was created, and User ID: xcolyklh4bnyv5gn was add there
NOT NULL: 8sd3rH6CaF
xcolyklh4bnyv5gn was spliced from Room, and deleted
new user was created id: 5szkdsfk3bh4s1m7
New Room ID: bcApm4Lgwi was created, and User ID: 5szkdsfk3bh4s1m7 was add there
NOT NULL: bcApm4Lgwi
5szkdsfk3bh4s1m7 was spliced from Room, and deleted
new user was created id: 6xjamjuo1qldhjbv
6xjamjuo1qldhjbv was spliced from AllUsers.
new user was created id: uw5nb1kw41q8xrm2
New Room ID: 801fF10YvQ was created, and User ID: uw5nb1kw41q8xrm2 was add there
NOT NULL: 801fF10YvQ
uw5nb1kw41q8xrm2 was spliced from Room, and deleted
new user was created id: ys4erp8e46bg8h99
New Room ID: IcrdBf5rFZ was created, and User ID: ys4erp8e46bg8h99 was add there
NOT NULL: IcrdBf5rFZ
ys4erp8e46bg8h99 was spliced from Room, and deleted
new user was created id: v65ild2bq05q5x2l
New Room ID: Tb03I4GCc3 was created, and User ID: v65ild2bq05q5x2l was add there
NOT NULL: Tb03I4GCc3
v65ild2bq05q5x2l was spliced from Room, and deleted
new user was created id: 6jenltz7u5eplhxc
New Room ID: 6xRXqEvL75 was created, and User ID: 6jenltz7u5eplhxc was add there
NOT NULL: 6xRXqEvL75
6jenltz7u5eplhxc was spliced from Room, and deleted
new user was created id: 4ehdzlb7c8knh4ri
4ehdzlb7c8knh4ri was spliced from AllUsers.
new user was created id: ygpoqlnw4lgyl8q5
New Room ID: IAycdNMy4D was created, and User ID: ygpoqlnw4lgyl8q5 was add there
NOT NULL: IAycdNMy4D
ygpoqlnw4lgyl8q5 was spliced from Room, and deleted
new user was created id: nuizflpcd31tyqzp
nuizflpcd31tyqzp was spliced from AllUsers.
new user was created id: dyfm9xd5922sqkpg
New Room ID: 64IuO1on0r was created, and User ID: dyfm9xd5922sqkpg was add there
NOT NULL: 64IuO1on0r
dyfm9xd5922sqkpg was spliced from Room, and deleted
new user was created id: 45pm71ipqkvvd7w4
New Room ID: 3lYks5IRJE was created, and User ID: 45pm71ipqkvvd7w4 was add there
NOT NULL: 3lYks5IRJE
45pm71ipqkvvd7w4 was spliced from Room, and deleted
new user was created id: 65rx8aze77lr21la
New Room ID: BUlSwsX8VV was created, and User ID: 65rx8aze77lr21la was add there
NOT NULL: BUlSwsX8VV
65rx8aze77lr21la was spliced from Room, and deleted
new user was created id: c64x3mlqu0gytbde
New Room ID: QdD1LV3Eon was created, and User ID: c64x3mlqu0gytbde was add there
NOT NULL: QdD1LV3Eon
c64x3mlqu0gytbde was spliced from Room, and deleted
new user was created id: ohidpa0d8qv4aflt
New Room ID: hH58xdJg7S was created, and User ID: ohidpa0d8qv4aflt was add there
NOT NULL: hH58xdJg7S
ohidpa0d8qv4aflt was spliced from Room, and deleted
new user was created id: 4j2u7xk8sfqu24nx
New Room ID: x0iLgEZV8e was created, and User ID: 4j2u7xk8sfqu24nx was add there
NOT NULL: x0iLgEZV8e
4j2u7xk8sfqu24nx was spliced from Room, and deleted
new user was created id: avy5ysv6wm3e4clt
New Room ID: XStI2Lz47w was created, and User ID: avy5ysv6wm3e4clt was add there
NOT NULL: XStI2Lz47w
avy5ysv6wm3e4clt was spliced from Room, and deleted
new user was created id: dbv3pq5nm9yyv7lo
New Room ID: xE0w5AQ3kl was created, and User ID: dbv3pq5nm9yyv7lo was add there
NOT NULL: xE0w5AQ3kl
dbv3pq5nm9yyv7lo was spliced from Room, and deleted
new user was created id: 0ysu2dge7f35rghj
New Room ID: UaDBO6vSxF was created, and User ID: 0ysu2dge7f35rghj was add there
NOT NULL: UaDBO6vSxF
0ysu2dge7f35rghj was spliced from Room, and deleted
new user was created id: k86e1vk917ghozqt
New Room ID: tJHPls4T25 was created, and User ID: k86e1vk917ghozqt was add there
NOT NULL: tJHPls4T25
k86e1vk917ghozqt was spliced from Room, and deleted
new user was created id: 8bx2jcs67r3a39i7
New Room ID: FBn98PegUV was created, and User ID: 8bx2jcs67r3a39i7 was add there
NOT NULL: FBn98PegUV
8bx2jcs67r3a39i7 was spliced from Room, and deleted
new user was created id: rrkuammci4s4rxl9
New Room ID: LAJ7DAMNaI was created, and User ID: rrkuammci4s4rxl9 was add there
NOT NULL: LAJ7DAMNaI
rrkuammci4s4rxl9 was spliced from Room, and deleted
new user was created id: nntvb0db9pqm25wk
New Room ID: OeEG9tyKiE was created, and User ID: nntvb0db9pqm25wk was add there
NOT NULL: OeEG9tyKiE
nntvb0db9pqm25wk was spliced from Room, and deleted
new user was created id: apq2zs404jeksb7x
New Room ID: pxSLcZJ4YT was created, and User ID: apq2zs404jeksb7x was add there
new user was created id: ma9zg2wxdn0ycqy6
NOT NULL: pxSLcZJ4YT
apq2zs404jeksb7x was spliced from Room, and deleted
new user was created id: jbzchi92slqn4glu
NOT NULL: pxSLcZJ4YT
jbzchi92slqn4glu was spliced from Room, and deleted
NOT NULL: pxSLcZJ4YT
ma9zg2wxdn0ycqy6 was spliced from Room, and deleted
new user was created id: 0xw7iwn3x9v49owb
New Room ID: qxJ7FW1pGU was created, and User ID: 0xw7iwn3x9v49owb was add there
NOT NULL: qxJ7FW1pGU
0xw7iwn3x9v49owb was spliced from Room, and deleted
new user was created id: 9cfqy29ymzghyaqt
New Room ID: NoO7ugh46C was created, and User ID: 9cfqy29ymzghyaqt was add there
NOT NULL: NoO7ugh46C
9cfqy29ymzghyaqt was spliced from Room, and deleted
new user was created id: 7ajf6f10srfw6iwv
New Room ID: evvvFWl3Rv was created, and User ID: 7ajf6f10srfw6iwv was add there
NOT NULL: evvvFWl3Rv
7ajf6f10srfw6iwv was spliced from Room, and deleted
new user was created id: 10twy00m54p2lhib
New Room ID: xQ2RszlMSr was created, and User ID: 10twy00m54p2lhib was add there
NOT NULL: xQ2RszlMSr
10twy00m54p2lhib was spliced from Room, and deleted
new user was created id: 039r35us9i2vhymh
New Room ID: 0Pz0nMuQ9I was created, and User ID: 039r35us9i2vhymh was add there
new user was created id: vn02uy2c06meh4qe
NOT NULL: 0Pz0nMuQ9I
039r35us9i2vhymh was spliced from Room, and deleted
NOT NULL: 0Pz0nMuQ9I
vn02uy2c06meh4qe was spliced from Room, and deleted
new user was created id: cs00tmcznif9bcc1
New Room ID: 8M5CoXpu0l was created, and User ID: cs00tmcznif9bcc1 was add there
NOT NULL: 8M5CoXpu0l
cs00tmcznif9bcc1 was spliced from Room, and deleted
new user was created id: okjbc155x0nzcc1h
new user was created id: g224sef2dijvii76
new user was created id: 0m6hdc8lm8hfgruk
new user was created id: lu3mthx527w9pn9m
lu3mthx527w9pn9m was spliced from AllUsers.
g224sef2dijvii76 was spliced from AllUsers.
0m6hdc8lm8hfgruk was spliced from AllUsers.
new user was created id: a4c1p8ub5nk87o83
New Room ID: G62vp9FiT4 was created, and User ID: a4c1p8ub5nk87o83 was add there
NOT NULL: G62vp9FiT4
a4c1p8ub5nk87o83 was spliced from Room, and deleted
new user was created id: l8mkohe48dgb5hoy
New Room ID: 3DDM7Z3kiO was created, and User ID: l8mkohe48dgb5hoy was add there
NOT NULL: 3DDM7Z3kiO
l8mkohe48dgb5hoy was spliced from Room, and deleted
new user was created id: n6dgfgx0uso03br9
New Room ID: 3GywPi4Sb6 was created, and User ID: n6dgfgx0uso03br9 was add there
NOT NULL: 3GywPi4Sb6
n6dgfgx0uso03br9 was spliced from Room, and deleted
new user was created id: yt7pknbgepgslqsu
New Room ID: RjwmRko4p1 was created, and User ID: yt7pknbgepgslqsu was add there
NOT NULL: RjwmRko4p1
yt7pknbgepgslqsu was spliced from Room, and deleted
new user was created id: fx41l16w7ngf2hfu
New Room ID: gcPuJzWnA8 was created, and User ID: fx41l16w7ngf2hfu was add there
okjbc155x0nzcc1h was spliced from AllUsers.
NOT NULL: gcPuJzWnA8
fx41l16w7ngf2hfu was spliced from Room, and deleted
new user was created id: er4jvflah14yw4xe
er4jvflah14yw4xe was spliced from AllUsers.
new user was created id: 3iv6iribc1w1vmsv
3iv6iribc1w1vmsv was spliced from AllUsers.
new user was created id: 9j5aav620e4h3emq
new user was created id: cdeupb5t1dxb9m43
9j5aav620e4h3emq was spliced from AllUsers.
New Room ID: Dy4oPWVPSF was created, and User ID: cdeupb5t1dxb9m43 was add there
NOT NULL: Dy4oPWVPSF
cdeupb5t1dxb9m43 was spliced from Room, and deleted
new user was created id: h9nsc2vaidjgxrcg
New Room ID: PZ54SeRCPw was created, and User ID: h9nsc2vaidjgxrcg was add there
NOT NULL: PZ54SeRCPw
h9nsc2vaidjgxrcg was spliced from Room, and deleted
new user was created id: ke2vff4oc8dgl8ud
New Room ID: t46n6WwzqD was created, and User ID: ke2vff4oc8dgl8ud was add there
NOT NULL: t46n6WwzqD
ke2vff4oc8dgl8ud was spliced from Room, and deleted
new user was created id: 9ptjqgwp2fetq8we
New Room ID: XFYGuNvLHo was created, and User ID: 9ptjqgwp2fetq8we was add there
NOT NULL: XFYGuNvLHo
9ptjqgwp2fetq8we was spliced from Room, and deleted
new user was created id: 66ffuwa6i2cbx9sh
New Room ID: TMzpu9zTyu was created, and User ID: 66ffuwa6i2cbx9sh was add there
NOT NULL: TMzpu9zTyu
66ffuwa6i2cbx9sh was spliced from Room, and deleted
new user was created id: a2ojh29tls11kdno
New Room ID: 11ygMxF8ca was created, and User ID: a2ojh29tls11kdno was add there
NOT NULL: 11ygMxF8ca
a2ojh29tls11kdno was spliced from Room, and deleted
new user was created id: qnrgohjkxjcqra7a
New Room ID: lV9N7Ar3YE was created, and User ID: qnrgohjkxjcqra7a was add there
NOT NULL: lV9N7Ar3YE
qnrgohjkxjcqra7a was spliced from Room, and deleted
new user was created id: f89h27qbabnwvpg4
New Room ID: KcedCG6fJT was created, and User ID: f89h27qbabnwvpg4 was add there
NOT NULL: KcedCG6fJT
f89h27qbabnwvpg4 was spliced from Room, and deleted
new user was created id: ue44zlugq85o8e3u
New Room ID: dmNhQr1DFm was created, and User ID: ue44zlugq85o8e3u was add there
NOT NULL: dmNhQr1DFm
ue44zlugq85o8e3u was spliced from Room, and deleted
new user was created id: z1ychtunwdxcxqea
New Room ID: ORltG2ZwG1 was created, and User ID: z1ychtunwdxcxqea was add there
new user was created id: pre87fzhhg8t8af0
pre87fzhhg8t8af0 was spliced from AllUsers.
new user was created id: 7l0d3bp134toprz4
7l0d3bp134toprz4 was spliced from AllUsers.
NOT NULL: ORltG2ZwG1
z1ychtunwdxcxqea was spliced from Room, and deleted
new user was created id: w48z5ku5j2cvbptk
w48z5ku5j2cvbptk was spliced from AllUsers.
new user was created id: yuubhuyghjyof3bg
yuubhuyghjyof3bg was spliced from AllUsers.
new user was created id: v1wi80tu4fkh326u
v1wi80tu4fkh326u was spliced from AllUsers.
new user was created id: xqae65zpvb8c4d4s
New Room ID: jCLINESw3e was created, and User ID: xqae65zpvb8c4d4s was add there
NOT NULL: jCLINESw3e
xqae65zpvb8c4d4s was spliced from Room, and deleted
new user was created id: zeebco19oddkt1ex
New Room ID: TVjHb6SJ6c was created, and User ID: zeebco19oddkt1ex was add there
NOT NULL: TVjHb6SJ6c
zeebco19oddkt1ex was spliced from Room, and deleted
new user was created id: acd95fc5xxwht0oa
New Room ID: BRXMKeZlaj was created, and User ID: acd95fc5xxwht0oa was add there
NOT NULL: BRXMKeZlaj
acd95fc5xxwht0oa was spliced from Room, and deleted
new user was created id: eeytjgrvei01hwfq
New Room ID: zVbXWk0VLH was created, and User ID: eeytjgrvei01hwfq was add there
NOT NULL: zVbXWk0VLH
eeytjgrvei01hwfq was spliced from Room, and deleted
new user was created id: tnomjbl6zt7cc9hk
New Room ID: 0pUgjWZWud was created, and User ID: tnomjbl6zt7cc9hk was add there
NOT NULL: 0pUgjWZWud
tnomjbl6zt7cc9hk was spliced from Room, and deleted
new user was created id: an3ih1urgj5kkqmq
New Room ID: EholIl8Trv was created, and User ID: an3ih1urgj5kkqmq was add there
NOT NULL: EholIl8Trv
an3ih1urgj5kkqmq was spliced from Room, and deleted
new user was created id: 8l156vx0w1uio2fn
New Room ID: 1twDtWmvJv was created, and User ID: 8l156vx0w1uio2fn was add there
NOT NULL: 1twDtWmvJv
8l156vx0w1uio2fn was spliced from Room, and deleted
new user was created id: voqhuwv56bt9n5pz
New Room ID: jAbnZ8AYkQ was created, and User ID: voqhuwv56bt9n5pz was add there
NOT NULL: jAbnZ8AYkQ
voqhuwv56bt9n5pz was spliced from Room, and deleted
new user was created id: g021l5xq0bwb5x9b
New Room ID: DdTg3re2vi was created, and User ID: g021l5xq0bwb5x9b was add there
NOT NULL: DdTg3re2vi
g021l5xq0bwb5x9b was spliced from Room, and deleted
new user was created id: k6azxeyzv4w5cl53
New Room ID: Mj9HhjxMeM was created, and User ID: k6azxeyzv4w5cl53 was add there
NOT NULL: Mj9HhjxMeM
k6azxeyzv4w5cl53 was spliced from Room, and deleted
new user was created id: f08hnaxnj2kleasi
New Room ID: 3jw0beW2ZZ was created, and User ID: f08hnaxnj2kleasi was add there
NOT NULL: 3jw0beW2ZZ
f08hnaxnj2kleasi was spliced from Room, and deleted
new user was created id: 3zru6fzo05uzboas
New Room ID: Ml1WXkZ3wt was created, and User ID: 3zru6fzo05uzboas was add there
NOT NULL: Ml1WXkZ3wt
3zru6fzo05uzboas was spliced from Room, and deleted
new user was created id: 85xshw0dj6ykr0oc
New Room ID: a39aLEJout was created, and User ID: 85xshw0dj6ykr0oc was add there
NOT NULL: a39aLEJout
85xshw0dj6ykr0oc was spliced from Room, and deleted
new user was created id: c17fnhx40kz3h837
New Room ID: 7he70JPFK9 was created, and User ID: c17fnhx40kz3h837 was add there
NOT NULL: 7he70JPFK9
c17fnhx40kz3h837 was spliced from Room, and deleted
new user was created id: 3vbv7gjivc8lfk3d
3vbv7gjivc8lfk3d was spliced from AllUsers.
new user was created id: l1l5oi494iev46rv
New Room ID: ejWGyS8Z1m was created, and User ID: l1l5oi494iev46rv was add there
NOT NULL: ejWGyS8Z1m
l1l5oi494iev46rv was spliced from Room, and deleted
new user was created id: g2ziz8v5o8ag8cmw
New Room ID: LDwo1avZnm was created, and User ID: g2ziz8v5o8ag8cmw was add there
NOT NULL: LDwo1avZnm
g2ziz8v5o8ag8cmw was spliced from Room, and deleted
new user was created id: iuv9m17b4stqtem1
new user was created id: 4dmor703yuej117r
4dmor703yuej117r was spliced from AllUsers.
new user was created id: 23bwkh2ofys0iz0e
New Room ID: VG3oP8GGss was created, and User ID: iuv9m17b4stqtem1 was add there
23bwkh2ofys0iz0e was spliced from AllUsers.
new user was created id: jr0w8gnro061nuvp
NOT NULL: VG3oP8GGss
jr0w8gnro061nuvp was spliced from Room, and deleted
new user was created id: 5pwfj09ewbkmhosp
NOT NULL: VG3oP8GGss
5pwfj09ewbkmhosp was spliced from Room, and deleted
new user was created id: rkywh78n6i18r7gw
NOT NULL: VG3oP8GGss
rkywh78n6i18r7gw was spliced from Room, and deleted
NOT NULL: VG3oP8GGss
iuv9m17b4stqtem1 was spliced from Room, and deleted
new user was created id: 4kc0ay2zh3bf7v86
New Room ID: YR6RPPLkTP was created, and User ID: 4kc0ay2zh3bf7v86 was add there
new user was created id: xmw0e5b6f7u6eknj
NOT NULL: YR6RPPLkTP
4kc0ay2zh3bf7v86 was spliced from Room, and deleted
NOT NULL: YR6RPPLkTP
xmw0e5b6f7u6eknj was spliced from Room, and deleted
new user was created id: s9ze0rsfofgqi1y2
s9ze0rsfofgqi1y2 was spliced from AllUsers.
new user was created id: dzqr0kwmonr7ars9
dzqr0kwmonr7ars9 was spliced from AllUsers.
new user was created id: x4y5wokxwb2fjzwb
new user was created id: 790ak3ejs79i36c9
790ak3ejs79i36c9 was spliced from AllUsers.
new user was created id: d66qyr95yjnbonqb
New Room ID: 6oTKXa94uY was created, and User ID: d66qyr95yjnbonqb was add there
NOT NULL: 6oTKXa94uY
d66qyr95yjnbonqb was spliced from Room, and deleted
new user was created id: qe1oxjmgsdkkhl7a
New Room ID: LXn1Rlavdp was created, and User ID: qe1oxjmgsdkkhl7a was add there
NOT NULL: LXn1Rlavdp
qe1oxjmgsdkkhl7a was spliced from Room, and deleted
new user was created id: 4y7mhaz17mez8axc
New Room ID: XK5abIMAfR was created, and User ID: 4y7mhaz17mez8axc was add there
x4y5wokxwb2fjzwb was spliced from AllUsers.
NOT NULL: XK5abIMAfR
4y7mhaz17mez8axc was spliced from Room, and deleted
new user was created id: zy12yhqyfa2s18re
zy12yhqyfa2s18re was spliced from AllUsers.
new user was created id: j6pw9vlqvaj7w0dd
j6pw9vlqvaj7w0dd was spliced from AllUsers.
new user was created id: u3w4huag2fpfgxr0
New Room ID: fzea8TwB0R was created, and User ID: u3w4huag2fpfgxr0 was add there
NOT NULL: fzea8TwB0R
u3w4huag2fpfgxr0 was spliced from Room, and deleted
new user was created id: i0f833cyf2kc049v
i0f833cyf2kc049v was spliced from AllUsers.
new user was created id: pge70n7u0fgqo4q3
pge70n7u0fgqo4q3 was spliced from AllUsers.
new user was created id: ub5cfe4fh585yv9f
New Room ID: 0uvTxLFaKp was created, and User ID: ub5cfe4fh585yv9f was add there
NOT NULL: 0uvTxLFaKp
ub5cfe4fh585yv9f was spliced from Room, and deleted
new user was created id: lexovoa6yw4leey5
lexovoa6yw4leey5 was spliced from AllUsers.
new user was created id: zmm567vcuszfqs3m
zmm567vcuszfqs3m was spliced from AllUsers.
new user was created id: zbn52b1002l70a6w
New Room ID: I8hQPbaQUB was created, and User ID: zbn52b1002l70a6w was add there
NOT NULL: I8hQPbaQUB
zbn52b1002l70a6w was spliced from Room, and deleted
new user was created id: uhsbvw49g3dbhg4j
uhsbvw49g3dbhg4j was spliced from AllUsers.
new user was created id: lmr33pq90evfddpl
lmr33pq90evfddpl was spliced from AllUsers.
new user was created id: occ56jzyvbwl30fr
New Room ID: PMjnDy0XpK was created, and User ID: occ56jzyvbwl30fr was add there
NOT NULL: PMjnDy0XpK
occ56jzyvbwl30fr was spliced from Room, and deleted
new user was created id: wosibr9s5actfmpg
wosibr9s5actfmpg was spliced from AllUsers.
new user was created id: uj2u69oo7k37hus6
New Room ID: hVjGg7F82O was created, and User ID: uj2u69oo7k37hus6 was add there
new user was created id: wu1ibe5sxmhpmpkg
NOT NULL: hVjGg7F82O
wu1ibe5sxmhpmpkg was spliced from Room, and deleted
new user was created id: e3s1dhvyg7hep4hp
e3s1dhvyg7hep4hp was spliced from AllUsers.
new user was created id: oj6f0tqsjlpkrq79
NOT NULL: hVjGg7F82O
uj2u69oo7k37hus6 was spliced from Room, and deleted
NOT NULL: hVjGg7F82O
oj6f0tqsjlpkrq79 was spliced from Room, and deleted
new user was created id: sermwom13gw5jjue
sermwom13gw5jjue was spliced from AllUsers.
new user was created id: ncy8k1lc5q6f1vy5
New Room ID: G6pFInLsOx was created, and User ID: ncy8k1lc5q6f1vy5 was add there
NOT NULL: G6pFInLsOx
ncy8k1lc5q6f1vy5 was spliced from Room, and deleted
new user was created id: 233n2x6zkltbi2bv
233n2x6zkltbi2bv was spliced from AllUsers.
new user was created id: m4xdlp41pb1qnwpq
m4xdlp41pb1qnwpq was spliced from AllUsers.
new user was created id: ues3x176587z3461
new user was created id: lut7kzxb15t39yvd
lut7kzxb15t39yvd was spliced from AllUsers.
new user was created id: 7o1ozr949i254vor
New Room ID: QLwC0zEdR2 was created, and User ID: 7o1ozr949i254vor was add there
NOT NULL: QLwC0zEdR2
7o1ozr949i254vor was spliced from Room, and deleted
new user was created id: 5ngloy10ujdgifrx
5ngloy10ujdgifrx was spliced from AllUsers.
ues3x176587z3461 was spliced from AllUsers.
new user was created id: 6wzpce6gp6mznh8j
6wzpce6gp6mznh8j was spliced from AllUsers.
new user was created id: o1semjtutgoctzsa
New Room ID: ZqJTroaf8Y was created, and User ID: o1semjtutgoctzsa was add there
NOT NULL: ZqJTroaf8Y
o1semjtutgoctzsa was spliced from Room, and deleted
new user was created id: wzo3clwzes2y78co
New Room ID: ZOm85Ispqg was created, and User ID: wzo3clwzes2y78co was add there
NOT NULL: ZOm85Ispqg
wzo3clwzes2y78co was spliced from Room, and deleted
new user was created id: gupwqe4d0g8f6hs2
gupwqe4d0g8f6hs2 was spliced from AllUsers.
new user was created id: svrd9nsm819c9r8x
New Room ID: GqV7t74sN3 was created, and User ID: svrd9nsm819c9r8x was add there
NOT NULL: GqV7t74sN3
svrd9nsm819c9r8x was spliced from Room, and deleted
new user was created id: 7ms7rj6kdjk6010i
New Room ID: H3lLT4i4gO was created, and User ID: 7ms7rj6kdjk6010i was add there
NOT NULL: H3lLT4i4gO
7ms7rj6kdjk6010i was spliced from Room, and deleted
new user was created id: ilnoe8901va9ufjh
New Room ID: Wiq5Vaxy4G was created, and User ID: ilnoe8901va9ufjh was add there
NOT NULL: Wiq5Vaxy4G
ilnoe8901va9ufjh was spliced from Room, and deleted
new user was created id: uvurk4y8kpzkru3k
New Room ID: r7TEDUXP2R was created, and User ID: uvurk4y8kpzkru3k was add there
new user was created id: h7czd5ouxg7b7ayt
h7czd5ouxg7b7ayt was spliced from AllUsers.
new user was created id: jowa52z8ft5jk7cv
NOT NULL: r7TEDUXP2R
uvurk4y8kpzkru3k was spliced from Room, and deleted
NOT NULL: r7TEDUXP2R
jowa52z8ft5jk7cv was spliced from Room, and deleted
new user was created id: l3lf0m2btt2pz6bt
l3lf0m2btt2pz6bt was spliced from AllUsers.
new user was created id: r9kj13cw85gv7xwl
r9kj13cw85gv7xwl was spliced from AllUsers.
new user was created id: 7v579ilxflbx2qk7
New Room ID: ADA3QPsfvd was created, and User ID: 7v579ilxflbx2qk7 was add there
NOT NULL: ADA3QPsfvd
7v579ilxflbx2qk7 was spliced from Room, and deleted
new user was created id: xeg1e53ea9ygga3z
xeg1e53ea9ygga3z was spliced from AllUsers.
new user was created id: kz0gjoe3tt4vrb4g
kz0gjoe3tt4vrb4g was spliced from AllUsers.
new user was created id: s5w9goj30aavkuyl
New Room ID: fbqo2Bm4XZ was created, and User ID: s5w9goj30aavkuyl was add there
NOT NULL: fbqo2Bm4XZ
s5w9goj30aavkuyl was spliced from Room, and deleted
new user was created id: 0t27vr97jc0uahdz
New Room ID: 4utwvybHpr was created, and User ID: 0t27vr97jc0uahdz was add there
NOT NULL: 4utwvybHpr
0t27vr97jc0uahdz was spliced from Room, and deleted
new user was created id: ylwq3fhv3xtwbtd9
New Room ID: QjEryZV1ak was created, and User ID: ylwq3fhv3xtwbtd9 was add there
NOT NULL: QjEryZV1ak
ylwq3fhv3xtwbtd9 was spliced from Room, and deleted
new user was created id: 1snthp9q55x0qxgi
New Room ID: HH5o0uncw7 was created, and User ID: 1snthp9q55x0qxgi was add there
NOT NULL: HH5o0uncw7
1snthp9q55x0qxgi was spliced from Room, and deleted
new user was created id: 2k3oszvm2b354btj
New Room ID: TzT5flgzSH was created, and User ID: 2k3oszvm2b354btj was add there
NOT NULL: TzT5flgzSH
2k3oszvm2b354btj was spliced from Room, and deleted
new user was created id: f7ukqiflleot2nvo
New Room ID: VMusulgrpw was created, and User ID: f7ukqiflleot2nvo was add there
NOT NULL: VMusulgrpw
f7ukqiflleot2nvo was spliced from Room, and deleted
new user was created id: agarpqq6i8u2drwe
agarpqq6i8u2drwe was spliced from AllUsers.
new user was created id: v4e0ri8gnsvagg4g
New Room ID: ZNOpXBitwh was created, and User ID: v4e0ri8gnsvagg4g was add there
NOT NULL: ZNOpXBitwh
v4e0ri8gnsvagg4g was spliced from Room, and deleted
new user was created id: dvwhe1daajzra4zh
dvwhe1daajzra4zh was spliced from AllUsers.
new user was created id: ep5ayf2v3pi8abg3
new user was created id: rk6kr7aubbxkiosq
ep5ayf2v3pi8abg3 was spliced from AllUsers.
new user was created id: vm3ghmqxa6ilm31j
New Room ID: kBJ5sGlG6o was created, and User ID: rk6kr7aubbxkiosq was add there
vm3ghmqxa6ilm31j was spliced from AllUsers.
new user was created id: kqfversqcfones87
kqfversqcfones87 was spliced from AllUsers.
new user was created id: jgf7gblgnp144t8g
new user was created id: 69gqb7pe2birw4jn
NOT NULL: kBJ5sGlG6o
jgf7gblgnp144t8g was spliced from Room, and deleted
new user was created id: 99sxnk2eyqh3d082
NOT NULL: kBJ5sGlG6o
69gqb7pe2birw4jn was spliced from Room, and deleted
NOT NULL: kBJ5sGlG6o
99sxnk2eyqh3d082 was spliced from Room, and deleted
new user was created id: qb9bexfgtcq4iqog
NOT NULL: kBJ5sGlG6o
qb9bexfgtcq4iqog was spliced from Room, and deleted
new user was created id: b34ng6e1aw4vpam5
NOT NULL: kBJ5sGlG6o
b34ng6e1aw4vpam5 was spliced from Room, and deleted
new user was created id: hbpgl0ifi49jp97x
NOT NULL: kBJ5sGlG6o
hbpgl0ifi49jp97x was spliced from Room, and deleted
NOT NULL: kBJ5sGlG6o
rk6kr7aubbxkiosq was spliced from Room, and deleted
new user was created id: mmqf8iap0pk94lha
New Room ID: Oll8mJEF4z was created, and User ID: mmqf8iap0pk94lha was add there
NOT NULL: Oll8mJEF4z
mmqf8iap0pk94lha was spliced from Room, and deleted
new user was created id: 27sqeuyhe15px1g5
New Room ID: hmLbnQPbGW was created, and User ID: 27sqeuyhe15px1g5 was add there
NOT NULL: hmLbnQPbGW
27sqeuyhe15px1g5 was spliced from Room, and deleted
new user was created id: yjlriv9t9yr6ne6c
yjlriv9t9yr6ne6c was spliced from AllUsers.
